Namespace(att_feat_size=2048, att_hid_size=512, att_model='topdown', att_weight_save='/import/nobackup_mmv_ioannisp/tx301/vg_feature/attention_weights/', batch_size=100, beam_size=3, cached_tokens='coco-train-idxs', cbs=False, cbs_mode='all', cbs_tag_size=3, checkpoint_path='save/bs100_graph_conv_sem/', cider_df='corpus', cnn_backend='res101', cnn_learning_rate=1e-05, cnn_optim='adam', cnn_optim_alpha=0.8, cnn_optim_beta=0.999, cnn_weight_decay=0, cuda=True, data_path='data', dataset='coco', decode_noc=False, det_oracle=False, dir_num=2, disp_interval=100, drop_prob_lm=0.5, fc_feat_size=2048, finetune_cnn=False, fixed_block=1, grad_clip=0.1, graph_attention=False, id='', image_crop_size=512, image_path='/import/nobackup_mmv_ioannisp/shared/datasets/coco2014/images', image_size=576, imp_model=False, imp_pos_emb_dim=64, imp_pro=0.4, imp_start_from='save/bs100_implicit', inference_only=False, inplace=True, input_dic='data/coco/dic_coco.json', input_encoding_size=512, input_json='data/coco/cap_coco.json', label_bias=False, language_eval=1, learning_rate=0.0005, learning_rate_decay_every=3, learning_rate_decay_rate=0.8, learning_rate_decay_start=1, load_best_score=1, losses_log_every=10, mGPUs=False, max_epochs=30, nongt_dim=20, num_heads=16, num_layers=1, num_steps=1, num_workers=1, optim='adam', optim_alpha=0.9, optim_beta=0.999, optim_epsilon=1e-08, path_opt='cfgs/normal_coco_res101.yml', ppls_thresh=0.5, proposal_h5='data/coco/coco_detection.h5', relation_dim=1024, relation_type='spatial', residual_connection=False, rnn_size=1024, rnn_type='lstm', scheduled_sampling_increase_every=5, scheduled_sampling_increase_prob=0.05, scheduled_sampling_max_prob=0.25, scheduled_sampling_start=-1, self_critical=False, sem_label_num=15, sem_model=True, sem_pro=1.0, sem_start_from='save/bs100_graph_conv_sem', semantic_path='data/coco/relationship/sematic_info.json', seq_length=20, seq_per_img=5, spa_label_num=11, spa_model=False, spa_pro=0.3, spa_start_from='save/bs100_spatial', spatial_path='data/coco/relationship/spatial_info.json', start_from=None, val_every_epoch=3, val_images_use=-1, val_split='test', weight_decay=0)
DataLoader loading json file:  data/coco/dic_coco.json
vocab size is  9488
DataLoader loading json file:  data/coco/cap_coco.json
loading annotations into memory...
Done (t=10.18s)
creating index...
index created!
loading annotations into memory...
Done (t=4.28s)
creating index...
index created!
assigned 5000 images to split test
Loading pretrained weights from data/imagenet_weights/resnet101.pth
In ExplicitRelationEncoder, num of graph propogation steps: 1, residual_connection: False
Loading the model weights, path is save/bs100_graph_conv_sem/model-best.pth...
image 391895: a man is riding a motorcycle down the road 
image 60623: a woman sitting at a table with a bowl of food 
image 483108: a man riding a bike next to a train 
image 384213: a kitchen with a sink and a window 
image 386164: a wooden table topped with lots of spooning 
image 223648: a wooden table topped with a wooden chair 
image 403385: a bathroom with a toilet sink and shower 
image 294832: a bathroom with a toilet sink and shower 
image 462565: a group of people riding bikes down a street 
image 436141: a bathroom with a toilet sink and mirror 
image 192440: a bathroom with a toilet sink and mirror 
image 1146: a man in a tie and glasses is smiling 
image 559665: a man sitting on a motorcycle in the street 
image 394240: a motorcycle parked in front of a building 
image 491497: a television sitting on top of a wooden bed 
image 184791: a painting of a painting on a table 
image 579664: a bunch of banana sitting on a table 
image 550529: a motorcycle parked on the side of a building 
image 348881: a large jetliner sitting on top of a tarmac 
image 560623: a view from inside a window looking at an airplane 
Total image to be evaluated 5000
loading annotations into memory...
Done (t=0.25s)
creating index...
index created!
using 5000/5000 predictions
Loading and preparing results...
DONE (t=0.02s)
creating index...
index created!
tokenization...
setting up scorers...
computing Bleu score...
{'testlen': 45142, 'reflen': 45631, 'guess': [45142, 40142, 35142, 30142], 'correct': [34087, 18363, 9032, 4368]}
ratio: 0.9892836010606608
Bleu_1: 0.747
Bleu_2: 0.581
Bleu_3: 0.441
Bleu_4: 0.333
computing Rouge score...
ROUGE_L: 0.548
computing CIDEr score...
CIDEr: 1.036
Saving the predictions
print the evaluation:
Bleu_1:0.7469705781985508
Bleu_2:0.5813957032121062
Bleu_3:0.44129824537541457
Bleu_4:0.33315832468358475
ROUGE_L:0.548115584082815
CIDEr:1.035543140399319
